<?xml version="1.0" encoding="UTF-8"?>
<!-- Generated by org.testng.reporters.JUnitReportReporter -->
<testsuite hostname="DESKTOP-8JS9NQE" failures="0" tests="1" name="testCase.Tc_010" time="20.741" errors="0" timestamp="2024-01-09T11:13:27 IST" skipped="0">
  <testcase classname="testCase.Tc_010" name="loginfunctionality" time="20.741"/>
  <system-out/>
</testsuite> <!-- testCase.Tc_010 -->
