<?xml version="1.0" encoding="UTF-8"?>
<!-- Generated by org.testng.reporters.JUnitReportReporter -->
<testsuite hostname="DESKTOP-8JS9NQE" failures="0" tests="4" name="testCase.Testcase001" time="89.024" errors="0" timestamp="2024-01-19T10:42:44 IST" skipped="0">
  <testcase classname="testCase.Testcase001" name="loginfunctionality" time="8.489"/>
  <system-out/>
  <testcase classname="testCase.Testcase001" name="searchfunctionality" time="48.350"/>
  <system-out/>
  <testcase classname="testCase.Testcase001" name="searchproduct" time="31.095"/>
  <system-out/>
  <testcase classname="testCase.Testcase001" name="thirdproduct" time="1.090"/>
  <system-out/>
</testsuite> <!-- testCase.Testcase001 -->
