<?xml version="1.0" encoding="UTF-8"?>
<!-- Generated by org.testng.reporters.JUnitReportReporter -->
<testsuite hostname="DESKTOP-8JS9NQE" failures="0" tests="1" name="testCase.Tc_003" time="3.902" errors="0" timestamp="2024-01-04T16:27:16 IST" skipped="0">
  <testcase classname="testCase.Tc_003" name="Testloginwithtab" time="3.902"/>
  <system-out/>
</testsuite> <!-- testCase.Tc_003 -->
