<?xml version="1.0" encoding="UTF-8"?>
<!-- Generated by org.testng.reporters.JUnitReportReporter -->
<testsuite hostname="DESKTOP-8JS9NQE" failures="0" tests="4" name="testCase.Testcase001" time="56.163" errors="0" timestamp="2024-01-19T12:40:27 IST" skipped="0">
  <testcase classname="testCase.Testcase001" name="loginfunctionality" time="15.185"/>
  <system-out/>
  <testcase classname="testCase.Testcase001" name="searchfunctionality" time="31.340"/>
  <system-out/>
  <testcase classname="testCase.Testcase001" name="searchproduct" time="5.038"/>
  <system-out/>
  <testcase classname="testCase.Testcase001" name="thirdproduct" time="4.600"/>
  <system-out/>
</testsuite> <!-- testCase.Testcase001 -->
