<?xml version="1.0" encoding="UTF-8"?>
<!-- Generated by org.testng.reporters.JUnitReportReporter -->
<testsuite hostname="DESKTOP-8JS9NQE" failures="0" tests="1" name="testCase.Tc_006" time="7.443" errors="0" timestamp="2024-01-09T12:22:37 IST" skipped="0">
  <testcase classname="testCase.Tc_006" name="loginfunctionality" time="7.443"/>
  <system-out/>
</testsuite> <!-- testCase.Tc_006 -->
