<?xml version="1.0" encoding="UTF-8"?>
<!-- Generated by org.testng.reporters.JUnitReportReporter -->
<testsuite hostname="DESKTOP-8JS9NQE" failures="0" tests="1" name="testCase.TC_004" time="7.650" errors="0" timestamp="2024-01-04T16:56:13 IST" skipped="0">
  <testcase classname="testCase.TC_004" name="Testenter" time="7.650"/>
  <system-out/>
</testsuite> <!-- testCase.TC_004 -->
